<?xml version="1.0" encoding="UTF-8"?>
<!-- Generated by org.testng.reporters.JUnitReportReporter -->
<testsuite hostname="DESKTOP-E04IP3T" failures="0" tests="1" name="com.tests.HomeTest" time="5.539" errors="0" timestamp="28 Nov 2024 09:54:28 GMT" skipped="0">
  <testcase classname="com.tests.HomeTest" name="homescreen" time="5.539"/>
</testsuite> <!-- com.tests.HomeTest -->
