<?xml version="1.0" encoding="UTF-8"?>
<!-- Generated by org.testng.reporters.JUnitReportReporter -->
<testsuite hostname="DESKTOP-E04IP3T" failures="0" tests="1" name="com.tests.LoginTest" time="47.159" errors="0" timestamp="28 Aug 2024 15:11:54 GMT" skipped="0">
  <testcase classname="com.tests.LoginTest" name="homescreen" time="47.159"/>
</testsuite> <!-- com.tests.LoginTest -->
